<?xml version="1.0" encoding="UTF-8"?>
<!-- Generated by org.testng.reporters.JUnitReportReporter -->
<testsuite skipped="0" hostname="RCCHN0100" name="com.rc.Test2.App" tests="1" failures="0" timestamp="28 May 2019 08:23:44 GMT" time="5.462" errors="0">
  <testcase name="Hello" time="5.462" classname="com.rc.Test2.App"/>
</testsuite> <!-- com.rc.Test2.App -->
