<?xml version="1.0" encoding="UTF-8"?>
<!-- Generated by org.testng.reporters.JUnitReportReporter -->
<testsuite skipped="0" hostname="RCCHN0100" name="com.rc.Test2.App" tests="1" failures="0" timestamp="27 May 2019 10:49:27 GMT" time="0.015" errors="0">
  <testcase name="Hello" time="0.015" classname="com.rc.Test2.App"/>
</testsuite> <!-- com.rc.Test2.App -->
